<?xml version="1.0" encoding="UTF-8"?>
<!-- Generated by org.testng.reporters.JUnitReportReporter -->
<testsuite skipped="0" hostname="Shipras-MacBook-Pro.local" name="tests.LoginTest" tests="2" failures="0" timestamp="28 Apr 2019 20:44:29 GMT" time="208.103" errors="0">
  <testcase name="logincheck" time="167.981" classname="tests.LoginTest"/>
  <testcase name="checksearchfunction" time="40.122" classname="tests.LoginTest"/>
</testsuite> <!-- tests.LoginTest -->
